[15:38:33] [Render thread/INFO] [JMLogger] JourneyMap log initialized.
[15:38:33] [Render thread/INFO] [JourneymapClient] initialize ENTER
[15:38:33] [Render thread/INFO] [ClientAPI] [ClientAPI] built with JourneyMap API 1.9-SNAPSHOT
[15:38:33] [Render thread/INFO] [PluginHelper] Initializing plugins with Client API: journeymap.client.api.impl.ClientAPI
[15:38:33] [Render thread/INFO] [PluginHelper] Initialized IClientPlugin: me.frankv.jmi.JMIJourneyMapPlugin
[15:38:33] [Render thread/INFO] [PluginHelper] Initialized IClientPlugin: com.gregtechceu.gtceu.integration.map.journeymap.JourneyMapPlugin
[15:38:33] [Render thread/INFO] [PluginHelper] Initialized IClientPlugin: com.tom.createores.jm.JMPlugin
[15:38:33] [Render thread/INFO] [PluginHelper] Initialized IClientPlugin: com.minecolonies.core.compatibility.journeymap.JourneymapPlugin
[15:38:33] [Render thread/INFO] [PluginHelper] Initialized IClientPlugin: net.blay09.mods.waystones.compat.JourneyMapIntegration
[15:38:33] [Render thread/INFO] [PluginHelper] Initialized IClientPlugin: com.railwayteam.railways.compat.journeymap.RailwayMapPlugin
[15:38:33] [Render thread/INFO] [PropertiesBase] gtceu (FirstLoaded) Setting config file to version "5.10.3": addon.gtceu.config
[15:38:33] [Render thread/INFO] [PropertiesBase] gtceu (Valid) Creating config file: C:\Users\Francesco\curseforge\minecraft\Instances\All the Mods 9 - ATM9\journeymap\config\5.10\addons\addon.gtceu.config
[15:38:33] [Render thread/INFO] [PropertiesBase] minecolonies (FileLoaded) Config file isn't current, has version "5.10.2": addon.minecolonies.config
[15:38:33] [Render thread/INFO] [PropertiesBase] minecolonies (Invalid) Setting config file to version "5.10.3": addon.minecolonies.config
[15:38:33] [Render thread/WARN] [PropertiesBase] core (Initialized) Bad configField entry during updateFrom(): optionsManagerViewed=null
[15:38:33] [Render thread/INFO] [PropertiesBase] core (FileLoaded) Config file isn't current, has version "5.10.2": journeymap.core.config
[15:38:33] [Render thread/INFO] [PropertiesBase] core (Invalid) Setting config file to version "5.10.3": journeymap.core.config
[15:38:33] [Render thread/INFO] [PropertiesBase] fullmap (Initialized) Setting config file to version "5.10.3": journeymap.fullmap.config
[15:38:33] [Render thread/INFO] [PropertiesBase] minimap (Initialized) Setting config file to version "5.10.3": journeymap.minimap.config
[15:38:33] [Render thread/INFO] [PropertiesBase] minimap2 (Initialized) Setting config file to version "5.10.3": journeymap.minimap2.config
[15:38:33] [Render thread/INFO] [PropertiesBase] topo (FileLoaded) Config file isn't current, has version "5.10.2": journeymap.topo.config
[15:38:33] [Render thread/INFO] [PropertiesBase] topo (Invalid) Setting config file to version "5.10.3": journeymap.topo.config
[15:38:33] [Render thread/INFO] [PropertiesBase] webmap (FileLoaded) Config file isn't current, has version "5.10.2": journeymap.webmap.config
[15:38:33] [Render thread/INFO] [PropertiesBase] webmap (Invalid) Setting config file to version "5.10.3": journeymap.webmap.config
[15:38:33] [Render thread/INFO] [PropertiesBase] waypoint (FileLoaded) Config file isn't current, has version "5.10.2": journeymap.waypoint.config
[15:38:33] [Render thread/INFO] [PropertiesBase] waypoint (Invalid) Setting config file to version "5.10.3": journeymap.waypoint.config
[15:38:33] [Render thread/INFO] [?] Version: JourneyMap 1.20.1-5.10.3, built with forge 1.20.1-47.2.30
forge: 47.3.11
Environment: os.name, os.arch, java.version, user.country, user.language=null, game language=en_us, locale=en_us
Features: 
	RadarPlayers : singleplayer = true , multiplayer = true
	RadarAnimals : singleplayer = true , multiplayer = true
	RadarMobs : singleplayer = true , multiplayer = true
	RadarVillagers : singleplayer = true , multiplayer = true
	MapTopo : singleplayer = true , multiplayer = true
	MapSurface : singleplayer = true , multiplayer = true
	MapCaves : singleplayer = true , multiplayer = true
	MapBiome : singleplayer = true , multiplayer = true
MiniMapProperties{state=Valid, file=journeymap.minimap.config, configVersion=5.10.3, zoomLevel=0, compassFontScale=1.0, terrainAlpha=100, showEntityNames=true, positionX=0.9, positionY=0.25, effectVertical=false, showPlayerHeading=true, sizePercent=30, playerDisplayScale=1.0, showDayNight=true, showPets=true, preferredMapType=night, showCompass=true, mobDisplay=jm.common.entity_display.dots, systemTimeRealFormat=HH:mm:ss, shape=jm.minimap.shape_circle, showSelf=true, selfDisplayScale=1.0, showGrid=true, reticleOrientation=jm.minimap.orientation.compass, gameTimeRealFormat=HH:mm:ss, effectTranslateX=-567, showWaypoints=true, minimapKeyMovementSpeed=0.001, showAnimals=true, infoSlotAlpha=0.7, effectTranslateY=0, showWaypointLabels=true, moveEffectIcons=true, position=jm.minimap.position_topright, fontScale=1.0, showPlayers=true, waypointIconScale=1.0, frameAlpha=100, effectReversed=false, backgroundAlpha=0.8, enabled=true, showVillagers=true, info2Label=jm.theme.labelsource.gametime, info3Label=jm.theme.labelsource.location, showMobs=true, waypointLabelScale=1.0, showReticle=true, orientation=jm.minimap.orientation.north, info4Label=jm.theme.labelsource.biome, locationFormat=xzyv, playerDisplay=jm.common.entity_display.dots, mobDisplayScale=1.0, showCaves=true, showMobHeading=true, locationFormatVerbose=true, info1Label=jm.theme.labelsource.blank}
MiniMapProperties{state=Valid, file=journeymap.minimap2.config, configVersion=5.10.3, zoomLevel=0, compassFontScale=1.0, terrainAlpha=100, showEntityNames=true, positionX=0.9, positionY=0.25, effectVertical=false, showPlayerHeading=true, sizePercent=30, playerDisplayScale=1.0, showDayNight=true, showPets=true, preferredMapType=day, showCompass=true, mobDisplay=jm.common.entity_display.dots, systemTimeRealFormat=HH:mm:ss, shape=jm.minimap.shape_rectangle, showSelf=true, selfDisplayScale=1.0, showGrid=true, reticleOrientation=jm.minimap.orientation.compass, gameTimeRealFormat=HH:mm:ss, effectTranslateX=0, showWaypoints=true, minimapKeyMovementSpeed=0.001, showAnimals=true, infoSlotAlpha=0.7, effectTranslateY=0, showWaypointLabels=true, moveEffectIcons=true, position=jm.minimap.position_topright, fontScale=1.0, showPlayers=true, waypointIconScale=1.0, frameAlpha=100, effectReversed=false, backgroundAlpha=0.8, enabled=true, showVillagers=true, info2Label=jm.theme.labelsource.gametime, info3Label=jm.theme.labelsource.location, showMobs=true, waypointLabelScale=1.0, showReticle=true, orientation=jm.minimap.orientation.north, info4Label=jm.theme.labelsource.biome, locationFormat=xzyv, playerDisplay=jm.common.entity_display.dots, mobDisplayScale=1.0, showCaves=true, showMobHeading=true, locationFormatVerbose=true, info1Label=jm.theme.labelsource.blank}
FullMapProperties{state=Valid, file=journeymap.fullmap.config, configVersion=5.10.3, zoomLevel=0, showPlayers=true, waypointIconScale=1.0, showEntityNames=true, showPlayerHeading=true, showVillagers=true, showPlayerLoc=true, showKeys=true, playerDisplayScale=1.0, showMobs=true, showPets=true, waypointLabelScale=1.0, preferredMapType=day, mobDisplay=jm.common.entity_display.dots, showSelf=true, locationFormat=xzyv, playerDisplay=jm.common.entity_display.dots, mobDisplayScale=1.0, selfDisplayScale=1.0, showGrid=true, showMouseLoc=true, showWaypoints=true, showCaves=true, showAnimals=true, showMobHeading=true, showWaypointLabels=true, locationFormatVerbose=true, fontScale=1.0}
WaypointProperties{state=SavedOk, file=journeymap.waypoint.config, configVersion=5.10.3, autoRemoveDeathpointDistance=2, dateFormat=MM-dd-yyyy, autoRemoveDeathpoints=false, fullscreenDoubleClickToCreate=true, managerDimensionFocus=false, minDistance=4, boldLabel=false, textureSmall=true, showDeathpointlabel=true, beaconEnabled=true, createDeathpoints=true, showName=true, disableStrikeThrough=false, maxDistance=0, autoHideLabel=true, autoRemoveTempWaypoints=2, teleportCommand=/tp {name} {x} {y} {z}, showStaticBeam=true, shaderBeacon=false, timeFormat=HH:mm:ss, showDeviationLabel=false, showDistance=true, showRotatingBeam=true, fontScale=2.0, showTexture=true, managerEnabled=true}
WebMapProperties{state=SavedOk, file=journeymap.webmap.config, configVersion=5.10.3, port=8080, enabled=false}
CoreProperties{state=SavedOk, file=journeymap.core.config, configVersion=5.10.3, verboseColorPalette=false, maxPlayersData=32, mapSurfaceAboveCaves=true, dataCachingEnabled=true, optionsManagerViewed=null, announceMod=true, colorPassive=#bbbbbb, mapBlendWater=false, renderDistanceSurfaceMax=0, seedId=false, radarVerticalDistance=16, mapBlendGrass=true, recordCacheStats=false, hideSneakingEntities=true, revealShape=jm.minimap.shape_circle, mapBiome=true, alwaysMapSurface=false, colorVillager=#88e188, mapPlants=false, colorPet=#0077ff, radarLateralDistance=64, mapBathymetry=false, mapCrops=true, maxMobsData=32, mapPlantShadows=false, alwaysMapCaves=false, checkUpdates=true, mapBlendFoliage=true, hideSpectators=false, mappingEnabled=true, colorPlayer=#ffffff, tileHighDisplayQuality=true, cacheVillagersData=2200, logLevel=INFO, maxVillagersData=32, mapWaterBiomeColors=false, maxAnimalsData=32, mapTransparency=true, caveBlackAsClear=false, tileRenderType=1, caveIgnoreGlass=true, mapTopography=true, renderDistanceCaveMax=0, mapAntialiasing=true, colorSelf=#0000ff, cachePlayersData=2000, cacheMobsData=3000, cachePlayerData=1000, splashViewed=5.10.2, colorHostile=#ff0000, cacheAnimalsData=3100, themeName=OceanMonument, mapCaveLighting=true, renderDelay=2, glErrorChecking=false, autoMapPoll=2000}
[15:38:33] [Render thread/INFO] [JourneymapClient] initialize EXIT, elapsed count 1 avg 399.5ms
[15:38:58] [Render thread/INFO] [JourneymapClient] Journeymap PostInit
[15:38:58] [Render thread/INFO] [ThemeLoader] Preloaded theme textures: 73
[15:38:58] [Render thread/INFO] [JourneymapClient] postInitialize EXIT, elapsed count 1 avg 310.63ms
[15:39:36] [Netty Client IO #1/INFO] [ForgeConfig] Loading JourneyMap Forge Configs
[15:40:12] [Render thread/INFO] [JourneymapClient] World UID is set to: 9ae0662f-d871-4a20-a447-5cb35648e6c4
[15:42:17] [Render thread/INFO] [ChatLog] JourneyMap: Press [J]
[15:42:17] [Render thread/WARN] [PropertiesBase] core (Initialized) Bad configField entry during updateFrom(): optionsManagerViewed=null
[15:42:18] [Render thread/INFO] [ModBlockDelegate] Custom modded block handling enabled for create
[15:42:18] [Render thread/INFO] [ModBlockDelegate] Custom modded block handling enabled for biomesoplenty
[15:42:19] [Render thread/INFO] [WaypointStore] Loaded 0 waypoints from C:\Users\Francesco\curseforge\minecraft\Instances\All the Mods 9 - ATM9\journeymap\data\mp\All~the~Mods~9_9ae0662f~d871~4a20~a447~5cb35648e6c4\waypoints
[15:42:19] [Render thread/INFO] [JourneymapClient] Mapping started in C:\Users\Francesco\curseforge\minecraft\Instances\All the Mods 9 - ATM9\journeymap\data\mp\All~the~Mods~9_9ae0662f~d871~4a20~a447~5cb35648e6c4\overworld. Memory: 10760MB total, 4238MB free 
[15:42:23] [Render thread/WARN] [JMLogger] Can't get entityTexture for ars_nouveau:textures/entity_icon/drygmy_brown.png
[15:42:23] [Render thread/WARN] [JMLogger] Can't get entityTexture for cobblemon:textures/entity_icon/0016_pidgey/pidgey.png
[15:42:23] [Render thread/WARN] [JMLogger] Can't get entityTexture for cobblemon:textures/entity_icon/0276_taillow/taillow.png
[15:42:23] [Render thread/WARN] [JMLogger] Can't get entityTexture for cobblemon:textures/entity_icon/0010_caterpie/caterpie.png
[15:42:23] [Render thread/WARN] [JMLogger] Can't get entityTexture for cobblemon:textures/entity_icon/0013_weedle/weedle.png
[15:42:23] [Render thread/WARN] [JMLogger] Can't get entityTexture for cobblemon:textures/entity_icon/0014_kakuna/kakuna.png
[15:42:23] [Render thread/WARN] [JMLogger] Can't get entityTexture for cobblemon:textures/entity_icon/0661_fletchling/fletchling.png
[15:42:23] [Render thread/WARN] [JMLogger] Can't get entityTexture for cobblemon:textures/entity_icon/0417_pachirisu/pachirisu.png
[15:42:56] [Render thread/WARN] [JMLogger] Can't get entityTexture for cobblemon:textures/entity_icon/0163_hoothoot/hoothoot.png
[15:46:08] [Render thread/WARN] [JMLogger] Can't get entityTexture for cobblemon:textures/entity_icon/0273_seedot/seedot.png
[15:46:08] [Render thread/WARN] [JMLogger] Can't get entityTexture for eidolon:textures/entity_icon/wraith.png
[15:46:08] [Render thread/WARN] [JMLogger] Can't get entityTexture for irons_spellbooks:textures/entity_icon/necromancer.png
[15:46:16] [Render thread/INFO] [JourneymapClient] Mapping halted in C:\Users\Francesco\curseforge\minecraft\Instances\All the Mods 9 - ATM9\journeymap\data\mp\All~the~Mods~9_9ae0662f~d871~4a20~a447~5cb35648e6c4\minecraft:overworld
[15:46:17] [Render thread/INFO] [MappingMonitorTask] World ID has been reset.
[15:46:17] [Render thread/INFO] [JourneymapClient] World UID is set to: null
