[00:01:10] [Worker-Main-10/WARN]: Moog's Voyager Structures: Empty or nonexistent pool: mvs:farm/side_pool which is being called from mvs:other_decoration/wheat_grain_bin
[00:03:08] [Server thread/INFO]: [STDOUT]: Old level: 31 New level: 32 Delta level: 1
[00:03:08] [Server thread/INFO]: [STDOUT]: Old level: 36 New level: 37 Delta level: 1
[00:03:08] [Server thread/INFO]: [STDOUT]: Old level: 25 New level: 26 Delta level: 1
[00:04:43] [Server thread/INFO]: [STDOUT]: Old level: 32 New level: 33 Delta level: 1
[00:04:43] [Server thread/INFO]: [STDOUT]: Old level: 28 New level: 29 Delta level: 1
[00:04:43] [Server thread/INFO]: [STDOUT]: Old level: 29 New level: 30 Delta level: 1
[00:05:00] [Server thread/INFO]: [STDOUT]: Random TR Chance: 32.471867
[00:05:00] [Server thread/INFO]: [STDOUT]: Random TR config: 5.0
[00:05:29] [Server thread/INFO]: [STDOUT]: Old level: 26 New level: 27 Delta level: 1
[00:07:48] [Server thread/WARN]: Can't keep up! Is the server overloaded? Running 4144ms or 82 ticks behind
[00:08:51] [Server thread/INFO]: Kekko1406 has made the advancement [Close Quarters]
[00:09:14] [Server thread/INFO]: [Herobrine52: Set the time to 1000]
[00:10:01] [Server thread/INFO]: No return portal found
[00:10:40] [Server thread/INFO]: Herobrine52 has made the advancement [Incendium]
[00:10:40] [Server thread/INFO]: Herobrine52 has made the advancement [We Need to Go Deeper]
[00:10:40] [Server thread/INFO]: [Herobrine52: Teleported Herobrine52 to Sgranfrix69]
[00:10:41] [Server thread/INFO]: Herobrine52 has made the advancement [The Dust Settles]
[00:10:41] [Server thread/INFO]: Herobrine52 has made the advancement [Strange Biomes]
[00:12:51] [Server thread/INFO]: Kekko1406 lost connection: Disconnected
[00:12:51] [Server thread/INFO]: Kekko1406 left the game
[00:12:51] [Server thread/INFO]: remove player wand
[00:12:51] [Server thread/INFO]: [voicechat] Disconnecting client Kekko1406
[00:13:45] [Server thread/INFO]: [Herobrine52: Teleported Herobrine52 to Matteo]
[00:15:01] [Server thread/INFO]: [Herobrine52: Teleported Herobrine52 to Sgranfrix69]
[00:15:01] [Server thread/WARN]: Herobrine52 moved too quickly! -14.940278068987254,4.249187078744683,-52.00318710321349
[00:15:01] [Server thread/WARN]: Herobrine52 moved too quickly! -14.940278068987254,4.249187078744683,-52.00318710321349
[00:15:01] [Server thread/WARN]: Herobrine52 moved too quickly! -14.940278068987254,4.249187078744683,-52.00318710321349
[00:15:25] [Server thread/INFO]: No return portal found
[00:15:45] [Server thread/INFO]: No return portal found
[00:16:32] [Server thread/INFO]: Herobrine52 has made the advancement [Hellish Paradise]
[00:16:56] [Server thread/INFO]: Herobrine52 has made the advancement [The Floor is Tears]
[00:18:16] [Server thread/INFO]: Herobrine52 has made the advancement [Radioactive]
[00:18:17] [Server thread/INFO]: [STDOUT]: Old level: 32 New level: 33 Delta level: 1
[00:18:17] [Server thread/INFO]: [STDOUT]: Old level: 27 New level: 28 Delta level: 1
[00:18:30] [Server thread/INFO]: Herobrine52 has made the advancement [Magical Metals]
[00:19:08] [Server thread/INFO]: [Herobrine52: Set the time to 1000]
[00:20:58] [Server thread/INFO]: Herobrine52 has made the advancement [A Terrible Fortress]
[00:21:10] [Server thread/INFO]: Matteo has made the advancement [Incendium]
[00:21:10] [Server thread/INFO]: Matteo has made the advancement [We Need to Go Deeper]
[00:21:10] [Server thread/INFO]: [Herobrine52: Teleported Matteo to Herobrine52]
[00:21:10] [Server thread/INFO]: Matteo has made the advancement [A Terrible Fortress]
[00:21:18] [Server thread/INFO]: [Herobrine52: Teleported Sgranfrix69 to Herobrine52]
[00:21:19] [Server thread/INFO]: Sgranfrix69 has made the advancement [A Terrible Fortress]
[00:21:38] [Server thread/INFO]: Named entity class_1621['Toxic Slime'/52481, l='ServerLevel[world]', x=-363.20, y=-20.00, z=-96.12] died: Toxic Slime was killed
[00:21:54] [Server thread/INFO]: [STDOUT]: Random TR Chance: 97.944984
[00:21:54] [Server thread/INFO]: [STDOUT]: Random TR config: 5.0
[00:22:01] [Server thread/INFO]: Sgranfrix69 has made the advancement [Into Fire]
[00:22:05] [Server thread/INFO]: Matteo has made the advancement [Radioactive]
[00:22:10] [Server thread/INFO]: Herobrine52 has made the advancement [Toxic Personality]
[00:22:39] [Server thread/INFO]: Matteo has made the advancement [Monster Hunter]
[00:24:19] [Server thread/INFO]: Named entity class_1621['Toxic Slime'/53302, l='ServerLevel[world]', x=-410.43, y=-20.00, z=-134.20] died: Toxic Slime was killed
[00:25:15] [Server thread/INFO]: FadeFox42 has made the advancement [Take Good Care!]
[00:25:19] [Server thread/INFO]: Named entity class_1621['Toxic Slime'/53554, l='ServerLevel[world]', x=-490.85, y=-20.00, z=-150.19] died: Toxic Slime was killed
[00:26:13] [Server thread/INFO]: Named entity class_1621['Toxic Slime'/53882, l='ServerLevel[world]', x=-404.16, y=-20.00, z=-147.46] died: Toxic Slime was killed
[00:26:33] [Server thread/INFO]: [Herobrine52: Teleported Herobrine52 to Matteo]
[00:28:29] [Server thread/INFO]: [STDOUT]: Random TR Chance: 70.229225
[00:28:29] [Server thread/INFO]: [STDOUT]: Random TR config: 5.0
[00:28:34] [Server thread/INFO]: [STDOUT]: Old level: 30 New level: 31 Delta level: 1
[00:31:15] [Server thread/INFO]: [Herobrine52: Set the time to 1000]
[00:39:31] [Server thread/INFO]: [Herobrine52: Gave 8 [Blaze Cake] to Herobrine52]
[00:40:01] [Server thread/INFO]: [STDOUT]: Old level: 27 New level: 28 Delta level: 1
[00:41:21] [Server thread/INFO]: [STDOUT]: Random TR Chance: 99.7259
[00:41:21] [Server thread/INFO]: [STDOUT]: Random TR config: 5.0
[00:41:26] [Server thread/INFO]: [STDOUT]: Old level: 33 New level: 34 Delta level: 1
[00:42:28] [Server thread/INFO]: Matteo lost connection: Disconnected
[00:42:28] [Server thread/INFO]: Matteo left the game
[00:42:28] [Server thread/INFO]: remove player wand
[00:42:28] [Server thread/INFO]: [voicechat] Disconnecting client Matteo
[00:43:13] [Server thread/INFO]: [Herobrine52: Set the time to 1000]
[00:51:17] [Server thread/INFO]: [Herobrine52: Gave 1 [Iron Ball Base] to Herobrine52]
[00:54:27] [Server thread/INFO]: [STDOUT]: Old level: 33 New level: 34 Delta level: 1
[00:54:27] [Server thread/INFO]: [STDOUT]: Old level: 37 New level: 38 Delta level: 1
[00:54:27] [Server thread/INFO]: [STDOUT]: Old level: 29 New level: 30 Delta level: 1
[00:54:27] [Server thread/INFO]: [STDOUT]: Old level: 31 New level: 32 Delta level: 1
[00:55:04] [Server thread/INFO]: [Herobrine52: Set the time to 1000]
[01:00:01] [Server thread/INFO]: [STDOUT]: Old level: 29 New level: 30 Delta level: 1
[01:02:24] [Server thread/INFO]: [STDOUT]: Old level: 30 New level: 31 Delta level: 1
[01:02:25] [Server thread/INFO]: [STDOUT]: Old level: 31 New level: 32 Delta level: 1
[01:03:51] [Server thread/INFO]: [STDOUT]: Random TR Chance: 6.6127596
[01:03:51] [Server thread/INFO]: [STDOUT]: Random TR config: 5.0
[01:03:56] [Server thread/INFO]: [STDOUT]: Old level: 28 New level: 29 Delta level: 1
[01:05:40] [Server thread/INFO]: FadeFox42 lost connection: Disconnected
[01:05:40] [Server thread/INFO]: FadeFox42 left the game
[01:05:40] [Server thread/INFO]: remove player wand
[01:05:40] [Server thread/INFO]: [voicechat] Disconnecting client FadeFox42
[01:05:48] [Server thread/INFO]: Sgranfrix69 lost connection: Disconnected
[01:05:48] [Server thread/INFO]: Sgranfrix69 left the game
[01:05:48] [Server thread/INFO]: remove player wand
[01:05:48] [Server thread/INFO]: [voicechat] Disconnecting client Sgranfrix69
[01:05:58] [Netty Server IO #19/ERROR]: Exception occurred in netty pipeline
java.net.SocketException: Connection reset
	at sun.nio.ch.SocketChannelImpl.throwConnectionReset(SocketChannelImpl.java:394) ~[?:?]
	at sun.nio.ch.SocketChannelImpl.read(SocketChannelImpl.java:426) ~[?:?]
	at io.netty.buffer.PooledByteBuf.setBytes(PooledByteBuf.java:258) ~[netty-buffer-4.1.82.Final.jar:?]
	at io.netty.buffer.AbstractByteBuf.writeBytes(AbstractByteBuf.java:1132) ~[netty-buffer-4.1.82.Final.jar:?]
	at io.netty.channel.socket.nio.NioSocketChannel.doReadBytes(NioSocketChannel.java:357) ~[netty-transport-4.1.82.Final.jar:?]
	at io.netty.channel.nio.AbstractNioByteChannel$NioByteUnsafe.read(AbstractNioByteChannel.java:151) ~[netty-transport-4.1.82.Final.jar:?]
	at io.netty.channel.nio.NioEventLoop.processSelectedKey(NioEventLoop.java:788) ~[netty-transport-4.1.82.Final.jar:?]
	at io.netty.channel.nio.NioEventLoop.processSelectedKeysOptimized(NioEventLoop.java:724) ~[netty-transport-4.1.82.Final.jar:?]
	at io.netty.channel.nio.NioEventLoop.processSelectedKeys(NioEventLoop.java:650) ~[netty-transport-4.1.82.Final.jar:?]
	at io.netty.channel.nio.NioEventLoop.run(NioEventLoop.java:562) ~[netty-transport-4.1.82.Final.jar:?]
	at io.netty.util.concurrent.SingleThreadEventExecutor$4.run(SingleThreadEventExecutor.java:997) ~[netty-common-4.1.82.Final.jar:?]
	at io.netty.util.internal.ThreadExecutorMap$2.run(ThreadExecutorMap.java:74) ~[netty-common-4.1.82.Final.jar:?]
	at java.lang.Thread.run(Thread.java:842) ~[?:?]
[01:07:02] [Server thread/INFO]: [Herobrine52: Gave 8 [Blaze Cake] to Herobrine52]
[01:07:42] [Server thread/INFO]: [Herobrine52: Set the time to 1000]
[01:08:07] [Server thread/INFO]: [Herobrine52: Set the weather to clear]
[01:11:57] [Server thread/INFO]: [Herobrine52: Gave 200 [Iron Ingot] to Herobrine52]
[01:18:18] [Server thread/INFO]: [Herobrine52: Set the time to 1000]
[01:31:20] [Server thread/INFO]: Herobrine52 has made the advancement [A Seedy Place]
[01:31:27] [Server thread/INFO]: Herobrine52 has reached the goal [Eat a Tomato]
[01:33:36] [Server thread/INFO]: Herobrine52 has made the advancement [Way of Vegetables]
[01:41:58] [Server thread/INFO]: Herobrine52 has made the advancement [Suit Up]
[01:48:54] [Server thread/INFO]: No battle could be found with the id: 004c586e-b32c-47bb-88e5-3c1920a0e32d
[01:48:54] [Server thread/INFO]: No battle could be found with the id: 004c586e-b32c-47bb-88e5-3c1920a0e32d
[02:12:54] [Server thread/INFO]: [Herobrine52: Set the time to 1000]
[02:28:57] [Server thread/INFO]: Herobrine52 has made the advancement [The Brass Age]
[02:32:08] [Server thread/INFO]: Villager class_1646['Feoras Belhumeur'/25, l='ServerLevel[world]', x=45.97, y=79.00, z=218.10] died, message: 'Feoras Belhumeur hit the ground too hard'
[02:32:08] [Server thread/INFO]: Named entity class_1646['Feoras Belhumeur'/25, l='ServerLevel[world]', x=45.97, y=79.00, z=218.10] died: Feoras Belhumeur hit the ground too hard
[02:46:36] [Server thread/INFO]: [Herobrine52: Set the time to 1000]
[03:00:59] [Server thread/INFO]: Villager class_1646['Baiardo Rector'/24, l='ServerLevel[world]', x=39.89, y=69.00, z=188.67] died, message: 'Baiardo Rector was slain by Zombie'
[03:00:59] [Server thread/INFO]: Named entity class_1646['Baiardo Rector'/24, l='ServerLevel[world]', x=39.89, y=69.00, z=188.67] died: Baiardo Rector was slain by Zombie
[03:01:39] [Server thread/INFO]: [Herobrine52: Set the time to 1000]
[03:12:08] [Server thread/INFO]: [Herobrine52: Set the time to 1000]
[03:13:18] [Server thread/INFO]: [Herobrine52: Gave 25 [Andesite Alloy] to Herobrine52]
[03:23:37] [Server thread/INFO]: [Herobrine52: Set the time to 1000]
[03:34:32] [Server thread/INFO]: [Herobrine52: Set the time to 1000]
[03:37:32] [Server thread/INFO]: [Herobrine52: Set the weather to clear]
[03:46:13] [Server thread/INFO]: [Herobrine52: Set the time to 1000]
[03:56:19] [Server thread/INFO]: [Herobrine52: Set the time to 1000]
[03:57:18] [Server thread/INFO]: Herobrine52 has made the advancement [A Pair of Giants]
[04:07:29] [Server thread/INFO]: [Herobrine52: Set the time to 1000]
[04:22:16] [Server thread/INFO]: Villager class_1646['Duante Guzek'/21, l='ServerLevel[world]', x=53.64, y=68.00, z=215.64] died, message: 'Duante Guzek was slain by Zombie'
[04:22:16] [Server thread/INFO]: Named entity class_1646['Duante Guzek'/21, l='ServerLevel[world]', x=53.64, y=68.00, z=215.64] died: Duante Guzek was slain by Zombie
[04:24:25] [Server thread/INFO]: Herobrine52 lost connection: Disconnected
[04:24:25] [Server thread/INFO]: Herobrine52 left the game
[04:24:25] [Server thread/INFO]: remove player wand
[04:24:25] [Server thread/INFO]: [voicechat] Disconnecting client Herobrine52
